<?xml version="1.0" encoding="UTF-8"?>
<testng-results skipped="0" failed="0" ignored="0" total="1" passed="1">
  <reporter-output>
  </reporter-output>
  <suite name="Default suite" duration-ms="74" started-at="2019-06-15T03:15:09Z" finished-at="2019-06-15T03:15:09Z">
    <groups>
    </groups>
    <test name="Default test" duration-ms="74" started-at="2019-06-15T03:15:09Z" finished-at="2019-06-15T03:15:09Z">
      <class name="com.example.ASDM.AsdmApplicationTests">
        <test-method status="PASS" signature="contextLoads()[pri:0, instance:com.example.ASDM.AsdmApplicationTests@66480dd7]" name="contextLoads" duration-ms="12" started-at="2019-06-15T03:15:09Z" finished-at="2019-06-15T03:15:09Z">
          <reporter-output>
          </reporter-output>
        </test-method> <!-- contextLoads -->
      </class> <!-- com.example.ASDM.AsdmApplicationTests -->
    </test> <!-- Default test -->
  </suite> <!-- Default suite -->
</testng-results>
